<?xml version="1.0" encoding="UTF-8"?>
<testng-results ignored="0" total="2" passed="2" failed="0" skipped="0">
  <reporter-output>
  </reporter-output>
  <suite started-at="2025-01-25T18:26:52 IST" name="Default suite" finished-at="2025-01-25T18:27:40 IST" duration-ms="48302">
    <groups>
      <group name="cucumber">
        <method signature="AbstractTestNGCucumberTests.runScenario(io.cucumber.testng.PickleWrapper,io.cucumber.testng.FeatureWrapper)[pri:0, instance:TestRunner.Runner@2e385cce]" name="runScenario" class="io.cucumber.testng.AbstractTestNGCucumberTests"/>
      </group> <!-- cucumber -->
    </groups>
    <test started-at="2025-01-25T18:26:52 IST" name="Default test" finished-at="2025-01-25T18:27:40 IST" duration-ms="48302">
      <class name="TestRunner.Runner">
        <test-method is-config="true" signature="setUpClass(org.testng.ITestContext)[pri:0, instance:TestRunner.Runner@2e385cce]" started-at="2025-01-25T18:26:52 IST" name="setUpClass" finished-at="2025-01-25T18:26:52 IST" duration-ms="414" status="PASS">
          <params>
            <param index="0">
              <value>
                <![CDATA[org.testng.TestRunner@572e6fd9]]>
              </value>
            </param>
          </params>
          <reporter-output>
          </reporter-output>
        </test-method> <!-- setUpClass -->
        <test-method signature="runScenario(io.cucumber.testng.PickleWrapper,io.cucumber.testng.FeatureWrapper)[pri:0, instance:TestRunner.Runner@2e385cce]" started-at="2025-01-25T18:26:52 IST" name="runScenario" description="Runs Cucumber Scenarios" data-provider="scenarios" finished-at="2025-01-25T18:27:21 IST" duration-ms="28028" status="PASS">
          <params>
            <param index="0">
              <value>
                <![CDATA["Validate TicketBooking functionality"]]>
              </value>
            </param>
            <param index="1">
              <value>
                <![CDATA["IRCTC Application Test"]]>
              </value>
            </param>
          </params>
          <reporter-output>
          </reporter-output>
        </test-method> <!-- runScenario -->
        <test-method signature="runScenario(io.cucumber.testng.PickleWrapper,io.cucumber.testng.FeatureWrapper)[pri:0, instance:TestRunner.Runner@2e385cce]" started-at="2025-01-25T18:27:21 IST" name="runScenario" description="Runs Cucumber Scenarios" data-provider="scenarios" finished-at="2025-01-25T18:27:40 IST" duration-ms="19768" status="PASS">
          <params>
            <param index="0">
              <value>
                <![CDATA["Validate Calender Functionality"]]>
              </value>
            </param>
            <param index="1">
              <value>
                <![CDATA["IRCTC Application Test"]]>
              </value>
            </param>
          </params>
          <reporter-output>
          </reporter-output>
        </test-method> <!-- runScenario -->
        <test-method is-config="true" signature="tearDownClass()[pri:0, instance:TestRunner.Runner@2e385cce]" started-at="2025-01-25T18:27:40 IST" name="tearDownClass" finished-at="2025-01-25T18:27:40 IST" duration-ms="7" status="PASS">
          <reporter-output>
          </reporter-output>
        </test-method> <!-- tearDownClass -->
      </class> <!-- TestRunner.Runner -->
    </test> <!-- Default test -->
  </suite> <!-- Default suite -->
</testng-results>
